Arguments: 
  /home/gitpod/.nvm/versions/node/v18.16.0/bin/node /home/gitpod/.nvm/versions/node/v18.16.0/bin/yarn

PATH: 
  /workspace/.cargo/bin:/home/gitpod/.pyenv/shims:/workspace/go/bin:/home/gitpod/.nix-profile/bin:/ide/bin/remote-cli:/home/gitpod/.nix-profile/bin:/home/gitpod/.local/bin:/home/gitpod/.sdkman/candidates/maven/current/bin:/home/gitpod/.sdkman/candidates/java/current/bin:/home/gitpod/.sdkman/candidates/gradle/current/bin:/workspace/.cargo/bin:/home/gitpod/.rvm/gems/ruby-3.2.1/bin:/home/gitpod/.rvm/gems/ruby-3.2.1@global/bin:/home/gitpod/.rvm/rubies/ruby-3.2.1/bin:/workspace/go/bin:/home/gitpod/.nix-profile/bin:/ide/bin/remote-cli:/home/gitpod/go/bin:/home/gitpod/go-packages/bin:/home/gitpod/.nvm/versions/node/v18.16.0/bin:/home/gitpod/.yarn/bin:/home/gitpod/.pnpm:/home/gitpod/.pyenv/bin:/home/gitpod/.rvm/bin:/home/gitpod/.cargo/bin:/home/linuxbrew/.linuxbrew/bin:/home/linuxbrew/.linuxbrew/sbin/:/home/gitpod/.local/bin:/usr/games:/usr/local/sbin:/usr/local/bin:/usr/sbin:/usr/bin:/sbin:/bin:/home/gitpod/.nvm/versions/node/v18.16.0/bin:/home/gitpod/.nvm/versions/node/v18.16.0/bin

Yarn version: 
  1.22.19

Node version: 
  18.16.0

Platform: 
  linux x64

Trace: 
  Error: https://registry.yarnpkg.com/@dev%2fcore: Not found
      at params.callback [as _callback] (/home/gitpod/.nvm/versions/node/v18.16.0/lib/node_modules/yarn/lib/cli.js:66145:18)
      at self.callback (/home/gitpod/.nvm/versions/node/v18.16.0/lib/node_modules/yarn/lib/cli.js:140890:22)
      at Request.emit (node:events:513:28)
      at Request.<anonymous> (/home/gitpod/.nvm/versions/node/v18.16.0/lib/node_modules/yarn/lib/cli.js:141862:10)
      at Request.emit (node:events:513:28)
      at IncomingMessage.<anonymous> (/home/gitpod/.nvm/versions/node/v18.16.0/lib/node_modules/yarn/lib/cli.js:141784:12)
      at Object.onceWrapper (node:events:627:28)
      at IncomingMessage.emit (node:events:525:35)
      at endReadableNT (node:internal/streams/readable:1359:12)
      at process.processTicksAndRejections (node:internal/process/task_queues:82:21)

npm manifest: 
  {
      "name": "@dev/loaders",
      "version": "1.0.0",
      "types": "dist/index",
      "main": "dist/index",
      "module": "dist/index",
      "private": true,
      "files": [
          "dist",
          "src"
      ],
      "scripts": {
          "build": "yarn clean && yarn compile",
          "clean": "rimraf dist && rimraf *.tsbuildinfo",
          "compile": "tsc -b tsconfig.build.json",
          "watch": "tsc -b tsconfig.build.json -w",
          "watch:dev": "yarn watch"
      },
      "devDependencies": {
          "@dev/core": "^1.0.0",
          "rimraf": "^3.0.2",
          "typescript": "^4.4.4"
      },
      "sideEffects": false,
      "dependencies": {
      }
  }

yarn manifest: 
  No manifest

Lockfile: 
  No lockfile
